2025-06-10 11:06:05 - main - INFO - ================================================================================
2025-06-10 11:06:05 - main - INFO - INICIANDO COMPARAÇÃO DE ALGORITMOS DE MACHINE LEARNING
2025-06-10 11:06:05 - main - INFO - ================================================================================
2025-06-10 11:06:05 - main - INFO - 
1. CARREGANDO E PREPARANDO DADOS
2025-06-10 11:06:05 - main - INFO - 
2. INICIALIZANDO MODELOS
2025-06-10 11:06:05 - main - INFO - 
3. REALIZANDO TUNING DE HIPERPARÂMETROS
2025-06-10 11:06:05 - main - INFO - 
Tuning KNN...
2025-06-10 11:06:06 - main - INFO - 
Tuning Decision_Tree...
2025-06-10 11:06:07 - main - INFO - 
Tuning SVM...
2025-06-10 11:06:12 - main - INFO - 
Tuning MLP...
2025-06-10 11:06:28 - main - INFO - 
4. AVALIANDO MODELOS NO CONJUNTO DE TESTE
2025-06-10 11:06:28 - main - INFO - 
Avaliando KNN...
2025-06-10 11:06:28 - main - INFO - KNN - Acurácia média: 0.6895 ± 0.0104
2025-06-10 11:06:28 - main - INFO - 
Avaliando Decision_Tree...
2025-06-10 11:06:28 - main - INFO - Decision_Tree - Acurácia média: 0.7253 ± 0.0124
2025-06-10 11:06:28 - main - INFO - 
Avaliando SVM...
2025-06-10 11:06:29 - main - INFO - SVM - Acurácia média: 0.7476 ± 0.0049
2025-06-10 11:06:29 - main - INFO - 
Avaliando MLP...
2025-06-10 11:06:32 - main - INFO - MLP - Acurácia média: 0.7495 ± 0.0049
2025-06-10 11:06:32 - main - INFO - 
5. REALIZANDO ANÁLISE ESTATÍSTICA
2025-06-10 11:06:32 - main - INFO - 
MELHOR MODELO: MLP
2025-06-10 11:06:32 - main - INFO - Acurácia: 0.7495
2025-06-10 11:06:32 - main - INFO - 
7. GERANDO VISUALIZAÇÕES
2025-06-10 11:06:59 - main - INFO - 
8. GERANDO RELATÓRIO FINAL
2025-06-10 11:06:59 - main - INFO - 
================================================================================
2025-06-10 11:06:59 - main - INFO - EXECUÇÃO CONCLUÍDA COM SUCESSO!
2025-06-10 11:06:59 - main - INFO - Tempo total: 53.78 segundos
2025-06-10 11:06:59 - main - INFO - Relatório salvo em: D:\FAG\IA\data\results\relatorio_completo_20250610_110659.html
2025-06-10 11:06:59 - main - INFO - Resumo salvo em: D:\FAG\IA\data\results\summary_20250610_110659.json
2025-06-10 11:06:59 - main - INFO - ================================================================================
